[2019-12-13 14:37:51.167] [exthost] [info] extension host started
[2019-12-13 14:37:51.167] [exthost] [info] ExtensionService#_doActivateExtension vscode.debug-auto-launch {"startup":true,"extensionId":{"value":"vscode.debug-auto-launch","_lower":"vscode.debug-auto-launch"},"activationEvent":"*"}
[2019-12-13 14:37:51.167] [exthost] [info] ExtensionService#loadCommonJSModule file:///snap/code/22/usr/share/code/resources/app/extensions/debug-auto-launch/dist/extension
[2019-12-13 14:37:51.167] [exthost] [info] ExtensionService#_doActivateExtension vscode.emmet {"startup":true,"extensionId":{"value":"vscode.emmet","_lower":"vscode.emmet"},"activationEvent":"*"}
[2019-12-13 14:37:51.167] [exthost] [info] ExtensionService#loadCommonJSModule file:///snap/code/22/usr/share/code/resources/app/extensions/emmet/dist/extension
[2019-12-13 14:37:51.167] [exthost] [info] ExtensionService#_doActivateExtension vscode.git {"startup":true,"extensionId":{"value":"vscode.git","_lower":"vscode.git"},"activationEvent":"*"}
[2019-12-13 14:37:51.167] [exthost] [info] ExtensionService#loadCommonJSModule file:///snap/code/22/usr/share/code/resources/app/extensions/git/dist/main
[2019-12-13 14:37:51.167] [exthost] [info] ExtensionService#_doActivateExtension vscode.merge-conflict {"startup":true,"extensionId":{"value":"vscode.merge-conflict","_lower":"vscode.merge-conflict"},"activationEvent":"*"}
[2019-12-13 14:37:51.167] [exthost] [info] ExtensionService#loadCommonJSModule file:///snap/code/22/usr/share/code/resources/app/extensions/merge-conflict/dist/extension
[2019-12-13 14:37:51.167] [exthost] [info] ExtensionService#_doActivateExtension vscode.search-result {"startup":true,"extensionId":{"value":"vscode.search-result","_lower":"vscode.search-result"},"activationEvent":"*"}
[2019-12-13 14:37:51.167] [exthost] [info] ExtensionService#loadCommonJSModule file:///snap/code/22/usr/share/code/resources/app/extensions/search-result/dist/extension.js
[2019-12-13 14:37:51.167] [exthost] [info] ExtensionService#_doActivateExtension formulahendry.terminal {"startup":true,"extensionId":{"value":"formulahendry.terminal","_lower":"formulahendry.terminal"},"activationEvent":"*"}
[2019-12-13 14:37:51.167] [exthost] [info] ExtensionService#loadCommonJSModule file:///home/marlon/.vscode/extensions/formulahendry.terminal-0.0.10/out/src/extension
[2019-12-13 14:37:51.167] [exthost] [info] ExtensionService#_doActivateExtension vscode.npm {"startup":true,"extensionId":{"value":"vscode.npm","_lower":"vscode.npm"},"activationEvent":"workspaceContains:package.json"}
[2019-12-13 14:37:51.167] [exthost] [info] ExtensionService#loadCommonJSModule file:///snap/code/22/usr/share/code/resources/app/extensions/npm/dist/main
[2019-12-13 14:37:51.443] [exthost] [info] eager extensions activated
[2019-12-13 16:19:22.471] [exthost] [info] ExtensionService#_doActivateExtension vscode.configuration-editing {"startup":false,"extensionId":{"value":"vscode.configuration-editing","_lower":"vscode.configuration-editing"},"activationEvent":"onLanguage:json"}
[2019-12-13 16:19:22.472] [exthost] [info] ExtensionService#loadCommonJSModule file:///snap/code/22/usr/share/code/resources/app/extensions/configuration-editing/dist/extension
[2019-12-13 16:19:22.498] [exthost] [info] ExtensionService#_doActivateExtension vscode.extension-editing {"startup":false,"extensionId":{"value":"vscode.extension-editing","_lower":"vscode.extension-editing"},"activationEvent":"onLanguage:json"}
[2019-12-13 16:19:22.499] [exthost] [info] ExtensionService#loadCommonJSModule file:///snap/code/22/usr/share/code/resources/app/extensions/extension-editing/dist/extension
[2019-12-13 16:19:22.551] [exthost] [info] ExtensionService#_doActivateExtension vscode.json-language-features {"startup":false,"extensionId":{"value":"vscode.json-language-features","_lower":"vscode.json-language-features"},"activationEvent":"onLanguage:json"}
[2019-12-13 16:19:22.551] [exthost] [info] ExtensionService#loadCommonJSModule file:///snap/code/22/usr/share/code/resources/app/extensions/json-language-features/client/dist/jsonMain
[2019-12-13 16:19:24.651] [exthost] [info] extension host started
[2019-12-13 16:19:24.674] [exthost] [info] ExtensionService#_doActivateExtension vscode.configuration-editing {"startup":false,"extensionId":{"value":"vscode.configuration-editing","_lower":"vscode.configuration-editing"},"activationEvent":"onLanguage:json"}
[2019-12-13 16:19:24.674] [exthost] [info] ExtensionService#loadCommonJSModule file:///snap/code/22/usr/share/code/resources/app/extensions/configuration-editing/dist/extension
[2019-12-13 16:19:24.680] [exthost] [info] ExtensionService#_doActivateExtension vscode.extension-editing {"startup":false,"extensionId":{"value":"vscode.extension-editing","_lower":"vscode.extension-editing"},"activationEvent":"onLanguage:json"}
[2019-12-13 16:19:24.680] [exthost] [info] ExtensionService#loadCommonJSModule file:///snap/code/22/usr/share/code/resources/app/extensions/extension-editing/dist/extension
[2019-12-13 16:19:24.686] [exthost] [info] ExtensionService#_doActivateExtension vscode.json-language-features {"startup":false,"extensionId":{"value":"vscode.json-language-features","_lower":"vscode.json-language-features"},"activationEvent":"onLanguage:json"}
[2019-12-13 16:19:24.686] [exthost] [info] ExtensionService#loadCommonJSModule file:///snap/code/22/usr/share/code/resources/app/extensions/json-language-features/client/dist/jsonMain
[2019-12-13 16:19:24.702] [exthost] [info] ExtensionService#_doActivateExtension vscode.npm {"startup":false,"extensionId":{"value":"vscode.npm","_lower":"vscode.npm"},"activationEvent":"onLanguage:json"}
[2019-12-13 16:19:24.703] [exthost] [info] ExtensionService#loadCommonJSModule file:///snap/code/22/usr/share/code/resources/app/extensions/npm/dist/main
[2019-12-13 16:19:24.707] [exthost] [info] ExtensionService#_doActivateExtension vscode.debug-auto-launch {"startup":true,"extensionId":{"value":"vscode.debug-auto-launch","_lower":"vscode.debug-auto-launch"},"activationEvent":"*"}
[2019-12-13 16:19:24.707] [exthost] [info] ExtensionService#loadCommonJSModule file:///snap/code/22/usr/share/code/resources/app/extensions/debug-auto-launch/dist/extension
[2019-12-13 16:19:24.709] [exthost] [info] ExtensionService#_doActivateExtension vscode.emmet {"startup":true,"extensionId":{"value":"vscode.emmet","_lower":"vscode.emmet"},"activationEvent":"*"}
[2019-12-13 16:19:24.709] [exthost] [info] ExtensionService#loadCommonJSModule file:///snap/code/22/usr/share/code/resources/app/extensions/emmet/dist/extension
[2019-12-13 16:19:24.719] [exthost] [info] ExtensionService#_doActivateExtension vscode.git {"startup":true,"extensionId":{"value":"vscode.git","_lower":"vscode.git"},"activationEvent":"*"}
[2019-12-13 16:19:24.719] [exthost] [info] ExtensionService#loadCommonJSModule file:///snap/code/22/usr/share/code/resources/app/extensions/git/dist/main
[2019-12-13 16:19:24.739] [exthost] [info] ExtensionService#_doActivateExtension vscode.merge-conflict {"startup":true,"extensionId":{"value":"vscode.merge-conflict","_lower":"vscode.merge-conflict"},"activationEvent":"*"}
[2019-12-13 16:19:24.739] [exthost] [info] ExtensionService#loadCommonJSModule file:///snap/code/22/usr/share/code/resources/app/extensions/merge-conflict/dist/extension
[2019-12-13 16:19:24.749] [exthost] [info] ExtensionService#_doActivateExtension vscode.search-result {"startup":true,"extensionId":{"value":"vscode.search-result","_lower":"vscode.search-result"},"activationEvent":"*"}
[2019-12-13 16:19:24.749] [exthost] [info] ExtensionService#loadCommonJSModule file:///snap/code/22/usr/share/code/resources/app/extensions/search-result/dist/extension.js
[2019-12-13 16:19:24.751] [exthost] [info] ExtensionService#_doActivateExtension formulahendry.terminal {"startup":true,"extensionId":{"value":"formulahendry.terminal","_lower":"formulahendry.terminal"},"activationEvent":"*"}
[2019-12-13 16:19:24.751] [exthost] [info] ExtensionService#loadCommonJSModule file:///home/marlon/.vscode/extensions/formulahendry.terminal-0.0.10/out/src/extension
[2019-12-13 16:19:24.805] [exthost] [info] eager extensions activated
