[2019-12-14 11:55:33.717] [exthost] [info] extension host started
[2019-12-14 11:55:33.734] [exthost] [info] ExtensionService#_doActivateExtension vscode.debug-auto-launch {"startup":true,"extensionId":{"value":"vscode.debug-auto-launch","_lower":"vscode.debug-auto-launch"},"activationEvent":"*"}
[2019-12-14 11:55:33.735] [exthost] [info] ExtensionService#loadCommonJSModule file:///snap/code/22/usr/share/code/resources/app/extensions/debug-auto-launch/dist/extension
[2019-12-14 11:55:33.758] [exthost] [info] ExtensionService#_doActivateExtension vscode.emmet {"startup":true,"extensionId":{"value":"vscode.emmet","_lower":"vscode.emmet"},"activationEvent":"*"}
[2019-12-14 11:55:33.758] [exthost] [info] ExtensionService#loadCommonJSModule file:///snap/code/22/usr/share/code/resources/app/extensions/emmet/dist/extension
[2019-12-14 11:55:33.831] [exthost] [info] ExtensionService#_doActivateExtension vscode.git {"startup":true,"extensionId":{"value":"vscode.git","_lower":"vscode.git"},"activationEvent":"*"}
[2019-12-14 11:55:33.831] [exthost] [info] ExtensionService#loadCommonJSModule file:///snap/code/22/usr/share/code/resources/app/extensions/git/dist/main
[2019-12-14 11:55:33.958] [exthost] [info] ExtensionService#_doActivateExtension vscode.merge-conflict {"startup":true,"extensionId":{"value":"vscode.merge-conflict","_lower":"vscode.merge-conflict"},"activationEvent":"*"}
[2019-12-14 11:55:33.958] [exthost] [info] ExtensionService#loadCommonJSModule file:///snap/code/22/usr/share/code/resources/app/extensions/merge-conflict/dist/extension
[2019-12-14 11:55:34.009] [exthost] [info] ExtensionService#_doActivateExtension vscode.search-result {"startup":true,"extensionId":{"value":"vscode.search-result","_lower":"vscode.search-result"},"activationEvent":"*"}
[2019-12-14 11:55:34.009] [exthost] [info] ExtensionService#loadCommonJSModule file:///snap/code/22/usr/share/code/resources/app/extensions/search-result/dist/extension.js
[2019-12-14 11:55:34.141] [exthost] [info] ExtensionService#_doActivateExtension formulahendry.terminal {"startup":true,"extensionId":{"value":"formulahendry.terminal","_lower":"formulahendry.terminal"},"activationEvent":"*"}
[2019-12-14 11:55:34.142] [exthost] [info] ExtensionService#loadCommonJSModule file:///home/marlon/.vscode/extensions/formulahendry.terminal-0.0.10/out/src/extension
[2019-12-14 11:55:35.604] [exthost] [info] ExtensionService#_doActivateExtension vscode.npm {"startup":true,"extensionId":{"value":"vscode.npm","_lower":"vscode.npm"},"activationEvent":"workspaceContains:package.json"}
[2019-12-14 11:55:35.604] [exthost] [info] ExtensionService#loadCommonJSModule file:///snap/code/22/usr/share/code/resources/app/extensions/npm/dist/main
[2019-12-14 11:55:35.858] [exthost] [info] eager extensions activated
[2019-12-14 12:15:59.062] [exthost] [info] ExtensionService#_doActivateExtension vscode.configuration-editing {"startup":false,"extensionId":{"value":"vscode.configuration-editing","_lower":"vscode.configuration-editing"},"activationEvent":"onLanguage:json"}
[2019-12-14 12:15:59.063] [exthost] [info] ExtensionService#loadCommonJSModule file:///snap/code/22/usr/share/code/resources/app/extensions/configuration-editing/dist/extension
[2019-12-14 12:15:59.096] [exthost] [info] ExtensionService#_doActivateExtension vscode.extension-editing {"startup":false,"extensionId":{"value":"vscode.extension-editing","_lower":"vscode.extension-editing"},"activationEvent":"onLanguage:json"}
[2019-12-14 12:15:59.096] [exthost] [info] ExtensionService#loadCommonJSModule file:///snap/code/22/usr/share/code/resources/app/extensions/extension-editing/dist/extension
[2019-12-14 12:15:59.149] [exthost] [info] ExtensionService#_doActivateExtension vscode.json-language-features {"startup":false,"extensionId":{"value":"vscode.json-language-features","_lower":"vscode.json-language-features"},"activationEvent":"onLanguage:json"}
[2019-12-14 12:15:59.149] [exthost] [info] ExtensionService#loadCommonJSModule file:///snap/code/22/usr/share/code/resources/app/extensions/json-language-features/client/dist/jsonMain
[2019-12-14 12:16:00.724] [exthost] [info] extension host started
[2019-12-14 12:16:00.743] [exthost] [info] ExtensionService#_doActivateExtension vscode.configuration-editing {"startup":false,"extensionId":{"value":"vscode.configuration-editing","_lower":"vscode.configuration-editing"},"activationEvent":"onLanguage:json"}
[2019-12-14 12:16:00.744] [exthost] [info] ExtensionService#loadCommonJSModule file:///snap/code/22/usr/share/code/resources/app/extensions/configuration-editing/dist/extension
[2019-12-14 12:16:00.748] [exthost] [info] ExtensionService#_doActivateExtension vscode.extension-editing {"startup":false,"extensionId":{"value":"vscode.extension-editing","_lower":"vscode.extension-editing"},"activationEvent":"onLanguage:json"}
[2019-12-14 12:16:00.748] [exthost] [info] ExtensionService#loadCommonJSModule file:///snap/code/22/usr/share/code/resources/app/extensions/extension-editing/dist/extension
[2019-12-14 12:16:00.752] [exthost] [info] ExtensionService#_doActivateExtension vscode.json-language-features {"startup":false,"extensionId":{"value":"vscode.json-language-features","_lower":"vscode.json-language-features"},"activationEvent":"onLanguage:json"}
[2019-12-14 12:16:00.752] [exthost] [info] ExtensionService#loadCommonJSModule file:///snap/code/22/usr/share/code/resources/app/extensions/json-language-features/client/dist/jsonMain
[2019-12-14 12:16:00.764] [exthost] [info] ExtensionService#_doActivateExtension vscode.npm {"startup":false,"extensionId":{"value":"vscode.npm","_lower":"vscode.npm"},"activationEvent":"onLanguage:json"}
[2019-12-14 12:16:00.764] [exthost] [info] ExtensionService#loadCommonJSModule file:///snap/code/22/usr/share/code/resources/app/extensions/npm/dist/main
[2019-12-14 12:16:00.767] [exthost] [info] ExtensionService#_doActivateExtension vscode.debug-auto-launch {"startup":true,"extensionId":{"value":"vscode.debug-auto-launch","_lower":"vscode.debug-auto-launch"},"activationEvent":"*"}
[2019-12-14 12:16:00.767] [exthost] [info] ExtensionService#loadCommonJSModule file:///snap/code/22/usr/share/code/resources/app/extensions/debug-auto-launch/dist/extension
[2019-12-14 12:16:00.768] [exthost] [info] ExtensionService#_doActivateExtension vscode.emmet {"startup":true,"extensionId":{"value":"vscode.emmet","_lower":"vscode.emmet"},"activationEvent":"*"}
[2019-12-14 12:16:00.768] [exthost] [info] ExtensionService#loadCommonJSModule file:///snap/code/22/usr/share/code/resources/app/extensions/emmet/dist/extension
[2019-12-14 12:16:00.778] [exthost] [info] ExtensionService#_doActivateExtension vscode.git {"startup":true,"extensionId":{"value":"vscode.git","_lower":"vscode.git"},"activationEvent":"*"}
[2019-12-14 12:16:00.778] [exthost] [info] ExtensionService#loadCommonJSModule file:///snap/code/22/usr/share/code/resources/app/extensions/git/dist/main
[2019-12-14 12:16:00.796] [exthost] [info] ExtensionService#_doActivateExtension vscode.merge-conflict {"startup":true,"extensionId":{"value":"vscode.merge-conflict","_lower":"vscode.merge-conflict"},"activationEvent":"*"}
[2019-12-14 12:16:00.796] [exthost] [info] ExtensionService#loadCommonJSModule file:///snap/code/22/usr/share/code/resources/app/extensions/merge-conflict/dist/extension
[2019-12-14 12:16:00.804] [exthost] [info] ExtensionService#_doActivateExtension vscode.search-result {"startup":true,"extensionId":{"value":"vscode.search-result","_lower":"vscode.search-result"},"activationEvent":"*"}
[2019-12-14 12:16:00.804] [exthost] [info] ExtensionService#loadCommonJSModule file:///snap/code/22/usr/share/code/resources/app/extensions/search-result/dist/extension.js
[2019-12-14 12:16:00.805] [exthost] [info] ExtensionService#_doActivateExtension formulahendry.terminal {"startup":true,"extensionId":{"value":"formulahendry.terminal","_lower":"formulahendry.terminal"},"activationEvent":"*"}
[2019-12-14 12:16:00.805] [exthost] [info] ExtensionService#loadCommonJSModule file:///home/marlon/.vscode/extensions/formulahendry.terminal-0.0.10/out/src/extension
[2019-12-14 12:16:00.859] [exthost] [info] eager extensions activated
[2019-12-14 12:21:00.210] [exthost] [info] ExtensionService#_doActivateExtension vscode.css-language-features {"startup":false,"extensionId":{"value":"vscode.css-language-features","_lower":"vscode.css-language-features"},"activationEvent":"onLanguage:scss"}
[2019-12-14 12:21:00.210] [exthost] [info] ExtensionService#loadCommonJSModule file:///snap/code/22/usr/share/code/resources/app/extensions/css-language-features/client/dist/cssMain
